<?xml version="1.0" encoding="UTF-8"?>
<!-- Generated by org.testng.reporters.JUnitReportReporter -->
<testsuite hostname="DESKTOP-OKAVII8" name="testCases.Login" tests="2" failures="0" timestamp="6 Oct 2016 18:23:12 GMT" time="18.106" errors="0">
  <testcase name="login" time="9.126" classname="testCases.Login"/>
  <testcase name="loginBadPass" time="8.980" classname="testCases.Login"/>
</testsuite> <!-- testCases.Login -->
